<?xml version="1.0" encoding="UTF-8"?>
<testng-results skipped="0" failed="0" ignored="0" total="1" passed="1">
  <reporter-output>
  </reporter-output>
  <suite name="Default suite" duration-ms="4544" started-at="2020-05-08T14:21:41Z" finished-at="2020-05-08T14:21:46Z">
    <groups>
    </groups>
    <test name="Default test" duration-ms="4544" started-at="2020-05-08T14:21:41Z" finished-at="2020-05-08T14:21:46Z">
      <class name="com.qa.tests.PostAPITest">
        <test-method status="PASS" signature="setUp()[pri:0, instance:com.qa.tests.PostAPITest@132ec19]" name="setUp" is-config="true" duration-ms="31" started-at="2020-05-08T14:21:41Z" finished-at="2020-05-08T14:21:41Z">
          <reporter-output>
          </reporter-output>
        </test-method> <!-- setUp -->
        <test-method status="PASS" signature="PostAPITest()[pri:0, instance:com.qa.tests.PostAPITest@132ec19]" name="PostAPITest" duration-ms="4403" started-at="2020-05-08T14:21:41Z" finished-at="2020-05-08T14:21:46Z">
          <reporter-output>
          </reporter-output>
        </test-method> <!-- PostAPITest -->
      </class> <!-- com.qa.tests.PostAPITest -->
    </test> <!-- Default test -->
  </suite> <!-- Default suite -->
</testng-results>
